[debug] [2021-01-26T20:26:16.528Z] ----------------------------------------------------------------------
[debug] [2021-01-26T20:26:16.531Z] Command:       /usr/bin/node /usr/bin/firebase init
[debug] [2021-01-26T20:26:16.532Z] CLI Version:   9.2.2
[debug] [2021-01-26T20:26:16.532Z] Platform:      linux
[debug] [2021-01-26T20:26:16.533Z] Node Version:  v14.15.4
[debug] [2021-01-26T20:26:16.533Z] Time:          Wed Jan 27 2021 01:56:16 GMT+0530 (India Standard Time)
[debug] [2021-01-26T20:26:16.534Z] ----------------------------------------------------------------------
[debug] [2021-01-26T20:26:16.534Z] 
[debug] [2021-01-26T20:26:16.540Z] > command requires scopes: ["email","openid","https://www.googleapis.com/auth/cloudplatformprojects.readonly","https://www.googleapis.com/auth/firebase","https://www.googleapis.com/auth/cloud-platform"]
[debug] [2021-01-26T20:26:16.541Z] > authorizing via signed-in user
[info] 
     ######## #### ########  ######## ########     ###     ######  ########
     ##        ##  ##     ## ##       ##     ##  ##   ##  ##       ##
     ######    ##  ########  ######   ########  #########  ######  ######
     ##        ##  ##    ##  ##       ##     ## ##     ##       ## ##
     ##       #### ##     ## ######## ########  ##     ##  ######  ########

You're about to initialize a Firebase project in this directory:

  /home/tirthankar/Web projects/twitter-clone

Before we get started, keep in mind:

  * You are currently outside your home directory

[info] 
=== Project Setup
[info] 
[info] First, let's associate this project directory with a Firebase project.
[info] You can create multiple project aliases by running firebase use --add, 
[info] but for now we'll just set up a default project.
[info] 
[debug] [2021-01-26T20:27:00.392Z] >>> [apiv2][query] GET https://firebase.googleapis.com/v1beta1/projects pageSize=100
[debug] [2021-01-26T20:27:01.112Z] <<< [apiv2][status] GET https://firebase.googleapis.com/v1beta1/projects 200
[debug] [2021-01-26T20:27:01.112Z] <<< [apiv2][body] GET https://firebase.googleapis.com/v1beta1/projects [omitted]
[info] i  Using project twitter-clone-fc9b6 (twitter-clone) 
[info] 
=== Hosting Setup
[info] 
[info] Your public directory is the folder (relative to your project directory) that
[info] will contain Hosting assets to be uploaded with firebase deploy. If you
[info] have a build process for your assets, use your build's output directory.
[info] 
[debug] [2021-01-26T20:27:23.209Z] >>> [apiv2][query] GET https://www.gstatic.com/firebasejs/releases.json [none]
[debug] [2021-01-26T20:27:23.452Z] <<< [apiv2][status] GET https://www.gstatic.com/firebasejs/releases.json 200
[debug] [2021-01-26T20:27:23.453Z] <<< [apiv2][body] GET https://www.gstatic.com/firebasejs/releases.json {"current":{"version":"8.2.4","browserURL":"https://www.gstatic.com/firebasejs/8.2.4/firebase.js","packageURL":"https://www.gstatic.com/firebasejs/8.2.4/firebase.tgz"},"live":{"version":"8.2","browserURL":"https://www.gstatic.com/firebasejs/live/8.2/firebase.js","packageURL":"https://www.gstatic.com/firebasejs/live/8.2/firebase.tgz"},"components":{"analytics":"https://www.gstatic.com/firebasejs/8.2.4/firebase-analytics.js","app":"https://www.gstatic.com/firebasejs/8.2.4/firebase-app.js","auth":"https://www.gstatic.com/firebasejs/8.2.4/firebase-auth.js","database":"https://www.gstatic.com/firebasejs/8.2.4/firebase-database.js","firestore":"https://www.gstatic.com/firebasejs/8.2.4/firebase-firestore.js","functions":"https://www.gstatic.com/firebasejs/8.2.4/firebase-functions.js","installations":"https://www.gstatic.com/firebasejs/8.2.4/firebase-installations.js","messaging":"https://www.gstatic.com/firebasejs/8.2.4/firebase-messaging.js","storage":"https://www.gstatic.com/firebasejs/8.2.4/firebase-storage.js","performance":"https://www.gstatic.com/firebasejs/8.2.4/firebase-performance.js","remote-config":"https://www.gstatic.com/firebasejs/8.2.4/firebase-remote-config.js","firestore.memory":"https://www.gstatic.com/firebasejs/8.2.4/firebase-firestore.memory.js"}}
[info] ✔  Wrote build/index.html 
[info] 
[info] i  Detected a .git folder at /home/tirthankar/Web projects/twitter-clone 
[info] i  Authorizing with GitHub to upload your service account to a GitHub repository's secrets store. 
[info] 
[info] Visit this URL on this device to log in:
[info] https://github.com/login/oauth/authorize?client_id=89cf50f02ac6aaed3484&state=635062109&redirect_uri=http%3A%2F%2Flocalhost%3A9005&scope=read%3Auser%20repo%20public_repo
[info] 
[info] Waiting for authentication...
[debug] [2021-01-26T20:27:38.305Z] >>> HTTP REQUEST POST https://github.com/login/oauth/access_token  
 {"client_id":"89cf50f02ac6aaed3484","client_secret":"3330d14abc895d9a74d5f17cd7a00711fa2c5bf0","code":"b021b3e4b08a32f3bc02","redirect_uri":"http://localhost:9005","state":"635062109"}
[debug] [2021-01-26T20:27:38.704Z] <<< HTTP RESPONSE 200 {"date":"Tue, 26 Jan 2021 20:27:38 GMT","content-type":"application/json; charset=utf-8","transfer-encoding":"chunked","server":"GitHub.com","status":"200 OK","vary":"X-PJAX, Accept-Encoding, Accept, X-Requested-With, Accept-Encoding","etag":"W/\"452f9ed48f2bf7a14a0181dfb1ef3ddc\"","cache-control":"max-age=0, private, must-revalidate","strict-transport-security":"max-age=31536000; includeSubdomains; preload","x-frame-options":"deny","x-content-type-options":"nosniff","x-xss-protection":"1; mode=block","referrer-policy":"origin-when-cross-origin, strict-origin-when-cross-origin","expect-ct":"max-age=2592000, report-uri=\"https://api.github.com/_private/browser/errors\"","content-security-policy":"default-src 'none'; base-uri 'self'; block-all-mixed-content; connect-src 'self' uploads.github.com www.githubstatus.com collector.githubapp.com api.github.com github-cloud.s3.amazonaws.com github-production-repository-file-5c1aeb.s3.amazonaws.com github-production-upload-manifest-file-7fdce7.s3.amazonaws.com github-production-user-asset-6210df.s3.amazonaws.com cdn.optimizely.com logx.optimizely.com/v1/events wss://alive.github.com; font-src github.githubassets.com; form-action 'self' github.com gist.github.com; frame-ancestors 'none'; frame-src render.githubusercontent.com; img-src 'self' data: github.githubassets.com identicons.github.com collector.githubapp.com github-cloud.s3.amazonaws.com *.githubusercontent.com; manifest-src 'self'; media-src 'none'; script-src github.githubassets.com; style-src 'unsafe-inline' github.githubassets.com; worker-src github.com/socket-worker-5029ae85.js gist.github.com/socket-worker-5029ae85.js","x-github-request-id":"B7E8:2E9F:4065F:47520:60107B3A"}
[debug] [2021-01-26T20:27:38.706Z] >>> [apiv2][query] GET https://api.github.com/user [none]
[debug] [2021-01-26T20:27:39.175Z] <<< [apiv2][status] GET https://api.github.com/user 200
[debug] [2021-01-26T20:27:39.176Z] <<< [apiv2][body] GET https://api.github.com/user {"login":"subho2107","id":53548856,"node_id":"MDQ6VXNlcjUzNTQ4ODU2","avatar_url":"https://avatars.githubusercontent.com/u/53548856?v=4","gravatar_id":"","url":"https://api.github.com/users/subho2107","html_url":"https://github.com/subho2107","followers_url":"https://api.github.com/users/subho2107/followers","following_url":"https://api.github.com/users/subho2107/following{/other_user}","gists_url":"https://api.github.com/users/subho2107/gists{/gist_id}","starred_url":"https://api.github.com/users/subho2107/starred{/owner}{/repo}","subscriptions_url":"https://api.github.com/users/subho2107/subscriptions","organizations_url":"https://api.github.com/users/subho2107/orgs","repos_url":"https://api.github.com/users/subho2107/repos","events_url":"https://api.github.com/users/subho2107/events{/privacy}","received_events_url":"https://api.github.com/users/subho2107/received_events","type":"User","site_admin":false,"name":"Tirthankar Bhattacharya","company":null,"blog":"https://www.linkedin.com/in/tirthankar-bhattacharya-a2b886191/","location":null,"email":"shubho2001g@gmail.com","hireable":null,"bio":null,"twitter_username":null,"public_repos":22,"public_gists":0,"followers":2,"following":2,"created_at":"2019-08-01T03:08:00Z","updated_at":"2021-01-26T20:27:37Z","private_gists":1,"total_private_repos":8,"owned_private_repos":8,"disk_usage":51838,"collaborators":0,"two_factor_authentication":false,"plan":{"name":"free","space":976562499,"collaborators":0,"private_repos":10000}}
[info] 
[info] ✔  Success! Logged into GitHub as subho2107 
[info] 
